<?xml version="1.0" encoding="UTF-8"?>
<testng-results ignored="0" total="1" passed="1" failed="0" skipped="0">
  <reporter-output>
  </reporter-output>
  <suite started-at="2020-10-19T19:38:01 EDT" name="Suite" finished-at="2020-10-19T19:38:01 EDT" duration-ms="122">
    <groups>
    </groups>
    <test started-at="2020-10-19T19:38:01 EDT" name="Test" finished-at="2020-10-19T19:38:01 EDT" duration-ms="122">
      <class name="com.learn.automation.FirstTest">
        <test-method signature="abc()[pri:0, instance:com.learn.automation.FirstTest@55f616cf]" started-at="2020-10-19T19:38:01 EDT" name="abc" finished-at="2020-10-19T19:38:01 EDT" duration-ms="21" status="PASS">
          <reporter-output>
          </reporter-output>
        </test-method> <!-- abc -->
      </class> <!-- com.learn.automation.FirstTest -->
    </test> <!-- Test -->
  </suite> <!-- Suite -->
</testng-results>
