<?xml version="1.0" encoding="UTF-8"?>
<!-- Generated by org.testng.reporters.JUnitXMLReporter -->
<testsuite ignored="1" hostname="Ashwin" failures="1" tests="2" name="Test" time="12.232" errors="0" timestamp="2021-01-08T00:32:36 EST">
  <testcase classname="com.learnauto.pages.BaseClass" name="@AfterMethod teardownSetup" time="0.266">
    <failure type="java.lang.NullPointerException">
      <![CDATA[java.lang.NullPointerException
at com.learnauto.pages.BaseClass.teardownSetup(BaseClass.java:58)
at java.base/java.util.ArrayList.forEach(ArrayList.java:1541)
... Removed 32 stack frames]]>
    </failure>
  </testcase> <!-- @AfterMethod teardownSetup -->
  <testcase classname="com.learnauto.pages.BaseClass" name="@AfterClass tearDown" time="-1.610083956599E9">
    <skipped/>
  </testcase> <!-- @AfterClass tearDown -->
  <testcase classname="com.learn.automation.FirstTest" name="abc" time="0.015"/>
  <testcase classname="com.learnauto.testcases.firstTestCase" name="testone" time="0.004">
    <failure type="java.lang.NullPointerException">
      <![CDATA[java.lang.NullPointerException
at com.learnauto.testcases.firstTestCase.testone(firstTestCase.java:22)
at java.base/java.util.ArrayList.forEach(ArrayList.java:1541)
... Removed 27 stack frames]]>
    </failure>
  </testcase> <!-- testone -->
  <testcase classname="com.learnauto.pages.BaseClass" name="@BeforeSuite setUpSuite" time="0.0">
    <ignored/>
  </testcase> <!-- @BeforeSuite setUpSuite -->
</testsuite> <!-- Test -->
