<?xml version="1.0" encoding="UTF-8"?>
<testng-results ignored="0" total="1" passed="1" failed="0" skipped="0">
  <reporter-output>
  </reporter-output>
  <suite started-at="2021-01-08T07:47:36Z" name="Default suite" finished-at="2021-01-08T07:48:12Z" duration-ms="35361">
    <groups>
    </groups>
    <test started-at="2021-01-08T07:47:36Z" name="Default test" finished-at="2021-01-08T07:48:12Z" duration-ms="35361">
      <class name="com.last.testcases.testCase1">
        <test-method is-config="true" signature="setUpAhead()[pri:0, instance:com.last.testcases.testCase1@6fa34d52]" started-at="2021-01-08T07:47:36Z" name="setUpAhead" finished-at="2021-01-08T07:47:36Z" duration-ms="30" status="PASS">
          <reporter-output>
          </reporter-output>
        </test-method> <!-- setUpAhead -->
        <test-method is-config="true" signature="setUp()[pri:0, instance:com.last.testcases.testCase1@6fa34d52]" started-at="2021-01-08T07:47:36Z" name="setUp" finished-at="2021-01-08T07:47:54Z" duration-ms="17369" status="PASS">
          <reporter-output>
          </reporter-output>
        </test-method> <!-- setUp -->
        <test-method signature="abc()[pri:0, instance:com.last.testcases.testCase1@6fa34d52]" started-at="2021-01-08T07:47:54Z" name="abc" finished-at="2021-01-08T07:48:04Z" duration-ms="10121" status="PASS">
          <reporter-output>
          </reporter-output>
        </test-method> <!-- abc -->
        <test-method is-config="true" signature="tearDown()[pri:0, instance:com.last.testcases.testCase1@6fa34d52]" started-at="2021-01-08T07:48:04Z" name="tearDown" finished-at="2021-01-08T07:48:12Z" duration-ms="7831" status="PASS">
          <reporter-output>
          </reporter-output>
        </test-method> <!-- tearDown -->
        <test-method is-config="true" signature="tearLater(org.testng.ITestResult)[pri:0, instance:com.last.testcases.testCase1@6fa34d52]" started-at="2021-01-08T07:48:12Z" name="tearLater" finished-at="2021-01-08T07:48:12Z" duration-ms="0" status="FAIL">
          <exception class="org.testng.TestNGException">
            <message>
              <![CDATA[
Can inject only one of <ITestContext, XmlTest> into a @AfterSuite annotated tearLater.
For more information on native dependency injection please refer to http://testng.org/doc/documentation-main.html#native-dependency-injection]]>
            </message>
            <full-stacktrace>
              <![CDATA[org.testng.TestNGException: 
Can inject only one of <ITestContext, XmlTest> into a @AfterSuite annotated tearLater.
For more information on native dependency injection please refer to http://testng.org/doc/documentation-main.html#native-dependency-injection
at org.testng.internal.Parameters.checkParameterTypes(Parameters.java:407)
at org.testng.internal.Parameters.createParametersForMethod(Parameters.java:356)
at org.testng.internal.Parameters.createParameters(Parameters.java:635)
at org.testng.internal.Parameters.createConfigurationParameters(Parameters.java:190)
at org.testng.internal.Invoker.invokeConfigurations(Invoker.java:209)
at org.testng.internal.Invoker.invokeConfigurations(Invoker.java:142)
at org.testng.SuiteRunner.privateRun(SuiteRunner.java:425)
at org.testng.SuiteRunner.run(SuiteRunner.java:364)
at org.testng.SuiteRunnerWorker.runSuite(SuiteRunnerWorker.java:52)
at org.testng.SuiteRunnerWorker.run(SuiteRunnerWorker.java:84)
at org.testng.TestNG.runSuitesSequentially(TestNG.java:1208)
at org.testng.TestNG.runSuitesLocally(TestNG.java:1137)
at org.testng.TestNG.runSuites(TestNG.java:1049)
at org.testng.TestNG.run(TestNG.java:1017)
at org.testng.remote.AbstractRemoteTestNG.run(AbstractRemoteTestNG.java:115)
at org.testng.remote.RemoteTestNG.initAndRun(RemoteTestNG.java:251)
at org.testng.remote.RemoteTestNG.main(RemoteTestNG.java:77)
]]>
            </full-stacktrace>
          </exception> <!-- org.testng.TestNGException -->
          <reporter-output>
          </reporter-output>
        </test-method> <!-- tearLater -->
      </class> <!-- com.last.testcases.testCase1 -->
    </test> <!-- Default test -->
  </suite> <!-- Default suite -->
</testng-results>
