<?xml version="1.0" encoding="UTF-8"?>
<testng-results skipped="0" failed="0" ignored="0" total="1" passed="1">
  <reporter-output>
  </reporter-output>
  <suite name="Default suite" duration-ms="27079" started-at="2019-09-26T22:15:09 EDT" finished-at="2019-09-26T22:15:36 EDT">
    <groups>
    </groups>
    <test name="Default test" duration-ms="27079" started-at="2019-09-26T22:15:09 EDT" finished-at="2019-09-26T22:15:36 EDT">
      <class name="FbLogTest">
        <test-method status="PASS" signature="setup()[pri:0, instance:FbLogTest@1efed156]" name="setup" is-config="true" duration-ms="12152" started-at="2019-09-26T22:15:09 EDT" finished-at="2019-09-26T22:15:21 EDT">
          <reporter-output>
          </reporter-output>
        </test-method> <!-- setup -->
        <test-method status="PASS" signature="fbLoginTest()[pri:0, instance:FbLogTest@1efed156]" name="fbLoginTest" duration-ms="8338" started-at="2019-09-26T22:15:21 EDT" finished-at="2019-09-26T22:15:29 EDT">
          <reporter-output>
          </reporter-output>
        </test-method> <!-- fbLoginTest -->
        <test-method status="PASS" signature="tearDown()[pri:0, instance:FbLogTest@1efed156]" name="tearDown" is-config="true" duration-ms="6533" started-at="2019-09-26T22:15:29 EDT" finished-at="2019-09-26T22:15:36 EDT">
          <reporter-output>
          </reporter-output>
        </test-method> <!-- tearDown -->
      </class> <!-- FbLogTest -->
    </test> <!-- Default test -->
  </suite> <!-- Default suite -->
</testng-results>
